make[1]: Entering directory '/home/mgallo/Projects/code/click-new/userlevel'
make[1]: Entering directory '/home/mgallo/Projects/code/click-new/tools'
make[2]: Entering directory '/home/mgallo/Projects/code/click-new/tools/lib'
  CXX ../../lib/string.cc
  FINDELEMENTS elements.conf
  CXX ../../lib/straccum.cc
  CXX ../../lib/glue.cc
  CXX ../../lib/bitvector.cc
  CXX ../../lib/hashallocator.cc
  CXX ../../lib/ipaddress.cc
  CREATE elements.mk
  CXX ../../lib/etheraddress.cc
  CXX ../lib/string.cc
  CXX ../../lib/timestamp.cc
  CXX ../../lib/error.cc
  CXX ../lib/straccum.cc
  CXX ../lib/nameinfo.cc
  CXX elementt.cc
  CXX eclasst.cc
  CXX ../lib/bitvector.cc
  CXX ../lib/bighashmap_arena.cc
  CXX ../lib/hashallocator.cc
  CXX ../lib/ipaddress.cc
  CXX routert.cc
  CXX ../lib/ipflowid.cc
  CXX ../lib/etheraddress.cc
  CXX ../lib/packet.cc
  CXX runparse.cc
  CXX ../../lib/variableenv.cc
  CXX ../lib/error.cc
  CXX landmarkt.cc
  CXX lexert.cc
  CXX ../lib/timestamp.cc
  CXX ../lib/glue.cc
  CXX ../lib/task.cc
  CXX ../lib/timer.cc
  CXX lexertinfo.cc
  CXX ../../lib/driver.cc
  CXX ../lib/atomic.cc
  CXX ../lib/fromfile.cc
  CXX ../../lib/confparse.cc
  CXX ../lib/gaprate.cc
  CXX ../lib/element.cc
  CXX ../../lib/args.cc
  CXX ../lib/confparse.cc
  CXX ../../lib/archive.cc
  CXX processingt.cc
  CXX ../lib/args.cc
  CXX etraits.cc
  CXX elementmap.cc
  CXX ../lib/variableenv.cc
  CXX ../lib/lexer.cc
  CXX ../../lib/userutils.cc
  CXX ../../lib/md5.cc
  CXX toolutils.cc
  CC ../../lib/clp.c
  CXX ../lib/elemfilter.cc
  CXX ../lib/routervisitor.cc
  AR libclicktool.a
  RANLIB libclicktool.a
make[2]: Leaving directory '/home/mgallo/Projects/code/click-new/tools/lib'
make[2]: Entering directory '/home/mgallo/Projects/code/click-new/tools/click-align'
  CXX alignment.cc
  CXX alignclass.cc
  CXX ../lib/routerthread.cc
  CXX click-align.cc
  CXX ../lib/router.cc
  LINK click-align
make[2]: Leaving directory '/home/mgallo/Projects/code/click-new/tools/click-align'
make[2]: Entering directory '/home/mgallo/Projects/code/click-new/tools/click-check'
  CXX click-check.cc
  LINK click-check
make[2]: Leaving directory '/home/mgallo/Projects/code/click-new/tools/click-check'
make[2]: Entering directory '/home/mgallo/Projects/code/click-new/tools/click-combine'
  CXX click-combine.cc
  CXX ../lib/master.cc
  CXX ../lib/timerset.cc
  CXX click-uncombine.cc
  CXX ../lib/selectset.cc
  CXX ../lib/handlercall.cc
  LINK click-combine
  LINK click-uncombine
make[2]: Leaving directory '/home/mgallo/Projects/code/click-new/tools/click-combine'
make[2]: Entering directory '/home/mgallo/Projects/code/click-new/tools/click-devirtualize'
  CXX cxxclass.cc
  CXX ../lib/notifier.cc
  CXX specializer.cc
  CXX ../lib/integers.cc
  CXX ../lib/md5.cc
  CC ../lib/crc32.c
  CC ../lib/in_cksum.c
  CXX ../lib/iptable.cc
  CXX ../lib/archive.cc
  CXX ../lib/userutils.cc
  CXX ../lib/driver.cc
  CXX signature.cc
  CXX click-devirtualize.cc
  CXX ../lib/dpdkdevice.cc
  LINK click-devirtualize
make[2]: Leaving directory '/home/mgallo/Projects/code/click-new/tools/click-devirtualize'
make[2]: Entering directory '/home/mgallo/Projects/code/click-new/tools/click-fastclassifier'
  CXX click-fastclassifier.cc
  CXX ../elements/standard/addressinfo.cc
  CXX ../elements/standard/alignmentinfo.cc
  CXX ../elements/standard/errorelement.cc
  CXX ../elements/standard/portinfo.cc
  CXX fc_classifier.cc
  CXX fc_ipclassifier.cc
  CXX ../elements/standard/scheduleinfo.cc
  LINK click-fastclassifier
make[2]: Leaving directory '/home/mgallo/Projects/code/click-new/tools/click-fastclassifier'
make[2]: Entering directory '/home/mgallo/Projects/code/click-new/tools/click-flatten'
  CXX click-flatten.cc
  CC ../lib/clp.c
  LINK click-flatten
make[2]: Leaving directory '/home/mgallo/Projects/code/click-new/tools/click-flatten'
make[2]: Entering directory '/home/mgallo/Projects/code/click-new/tools/click-mkmindriver'
  CXX click-mkmindriver.cc
  CXX ../lib/exportstub.cc
  CXX ../elements/analysis/adjusttimestamp.cc
  CXX ../elements/analysis/aggcounter.cc
  LINK click-mkmindriver
make[2]: Leaving directory '/home/mgallo/Projects/code/click-new/tools/click-mkmindriver'
make[2]: Entering directory '/home/mgallo/Projects/code/click-new/tools/click-pretty'
  CXX click-pretty.cc
  CXX ../elements/analysis/aggpktcounter.cc
  CXX ../elements/analysis/aggregatefilter.cc
  CXX ../elements/analysis/aggregatefirst.cc
  CXX html.cc
  CXX ../elements/analysis/aggregateip.cc
  LINK click-pretty
make[2]: Leaving directory '/home/mgallo/Projects/code/click-new/tools/click-pretty'
make[2]: Entering directory '/home/mgallo/Projects/code/click-new/tools/click-undead'
  CXX click-undead.cc
  CXX ../elements/analysis/aggregateipaddrpair.cc
  CXX ../elements/analysis/aggregateipflows.cc
  LINK click-undead
make[2]: Leaving directory '/home/mgallo/Projects/code/click-new/tools/click-undead'
make[2]: Entering directory '/home/mgallo/Projects/code/click-new/tools/click-xform'
  CXX adjacency.cc
  CXX click-xform.cc
  CXX ../elements/analysis/aggregatelast.cc
  CXX ../elements/analysis/aggregatelen.cc
  LINK click-xform
make[2]: Leaving directory '/home/mgallo/Projects/code/click-new/tools/click-xform'
make[2]: Entering directory '/home/mgallo/Projects/code/click-new/tools/click2xml'
  CXX click2xml.cc
  CXX ../elements/analysis/aggregatenotifier.cc
  CXX ../elements/analysis/aggregatepaint.cc
  CXX xml2click.cc
  CXX ../elements/analysis/anonipaddr.cc
  CXX ../elements/analysis/eraseippayload.cc
  CXX ../elements/analysis/fromcapdump.cc
  LINK click2xml
  LINK xml2click
make[2]: Leaving directory '/home/mgallo/Projects/code/click-new/tools/click2xml'
make[1]: Leaving directory '/home/mgallo/Projects/code/click-new/tools'
  CXX ../elements/analysis/fromdagdump.cc
  CXX ../elements/analysis/fromipsumdump.cc
  CXX ../elements/analysis/fromnetflowsumdump.cc
  CXX ../elements/analysis/fromnlanrdump.cc
  CXX ../elements/analysis/fromtcpdump.cc
  CXX ../elements/analysis/ipsumdump_anno.cc
  CXX ../elements/analysis/ipsumdump_icmp.cc
  CXX ../elements/analysis/ipsumdump_ip.cc
  CXX ../elements/analysis/ipsumdump_link.cc
  CXX ../elements/analysis/ipsumdump_payload.cc
  CXX ../elements/analysis/ipsumdump_tcp.cc
  CXX ../elements/analysis/ipsumdump_udp.cc
  CXX ../elements/analysis/ipsumdumpinfo.cc
  CXX ../elements/analysis/settimestampdelta.cc
  CXX ../elements/analysis/storetimestamp.cc
  CXX ../elements/analysis/storeudptimeseqrecord.cc
  CXX ../elements/analysis/timefilter.cc
  CXX ../elements/analysis/timerange.cc
  CXX ../elements/analysis/timesortedsched.cc
  CXX ../elements/analysis/timestampaccum.cc
  CXX ../elements/analysis/toipflowdumps.cc
  CXX ../elements/analysis/toipsumdump.cc
  CXX ../elements/app/echoserver.cc
  CXX ../elements/app/ftpportmapper.cc
  CXX ../elements/app/sslbase.cc
  CXX ../elements/app/sslclient.cc
  CXX ../elements/app/sslengine.cc
  CXX ../elements/app/sslserver.cc
  CXX ../elements/aqm/adaptivered.cc
  CXX ../elements/aqm/codel.cc
  CXX ../elements/aqm/red.cc
  CXX ../elements/ethernet/arpfaker.cc
  CXX ../elements/ethernet/arpprint.cc
  CXX ../elements/ethernet/arpquerier.cc
  CXX ../elements/ethernet/arpresponder.cc
  CXX ../elements/ethernet/arptable.cc
  CXX ../elements/ethernet/checkarpheader.cc
  CXX ../elements/ethernet/ensureether.cc
  CXX ../elements/ethernet/etherencap.cc
  CXX ../elements/ethernet/ethermirror.cc
  CXX ../elements/ethernet/etherpausesource.cc
  CXX ../elements/ethernet/etherrewrite.cc
  CXX ../elements/ethernet/ethervlanencap.cc
  CXX ../elements/ethernet/getetheraddress.cc
  CXX ../elements/ethernet/hostetherfilter.cc
  CXX ../elements/ethernet/setetheraddress.cc
  CXX ../elements/ethernet/setvlananno.cc
  CXX ../elements/ethernet/storeetheraddress.cc
  CXX ../elements/ethernet/stripethervlanheader.cc
  CXX ../elements/ethernet/vlandecap.cc
  CXX ../elements/ethernet/vlanencap.cc
  CXX ../elements/icmp/checkicmpheader.cc
  CXX ../elements/icmp/icmperror.cc
  CXX ../elements/icmp/icmpipencap.cc
  CXX ../elements/icmp/icmppingencap.cc
  CXX ../elements/icmp/icmppingresponder.cc
  CXX ../elements/icmp/icmppingrewriter.cc
  CXX ../elements/icmp/icmprewriter.cc
  CXX ../elements/icmp/icmpsendpings.cc
  CXX ../elements/ip/checkipheader.cc
  CXX ../elements/ip/checkipheader2.cc
  CXX ../elements/ip/decipttl.cc
  CXX ../elements/ip/directiplookup.cc
  CXX ../elements/ip/fixipsrc.cc
  CXX ../elements/ip/getipaddress.cc
  CXX ../elements/ip/ipaddrpairrewriter.cc
  CXX ../elements/ip/ipaddrrewriter.cc
  CXX ../elements/ip/ipclassifier.cc
  CXX ../elements/ip/ipencap.cc
  CXX ../elements/ip/ipfieldinfo.cc
  CXX ../elements/ip/ipfilter.cc
  CXX ../elements/ip/ipfragmenter.cc
  CXX ../elements/ip/ipgwoptions.cc
  CXX ../elements/ip/ipinputcombo.cc
  CXX ../elements/ip/ipmirror.cc
  CXX ../elements/ip/ipnameinfo.cc
  CXX ../elements/ip/ipoutputcombo.cc
  CXX ../elements/ip/ipprint.cc
  CXX ../elements/ip/ipratemon.cc
  CXX ../elements/ip/ipreassembler.cc
  CXX ../elements/ip/iprewriterbase.cc
  CXX ../elements/ip/iproutetable.cc
  CXX ../elements/ip/iprwmapping.cc
  CXX ../elements/ip/iprwpattern.cc
  CXX ../elements/ip/iprwpatterns.cc
  CXX ../elements/ip/lineariplookup.cc
  CXX ../elements/ip/lookupiproute.cc
  CXX ../elements/ip/lookupiproutelinux.cc
  CXX ../elements/ip/lookupiproutemp.cc
  CXX ../elements/ip/markipce.cc
  CXX ../elements/ip/markipheader.cc
  CXX ../elements/ip/radixiplookup.cc
  CXX ../elements/ip/rangeiplookup.cc
  CXX ../elements/ip/rfc2507c.cc
  CXX ../elements/ip/rfc2507d.cc
  CXX ../elements/ip/ripsend.cc
  CXX ../elements/ip/rripmapper.cc
  CXX ../elements/ip/setipaddress.cc
  CXX ../elements/ip/setipchecksum.cc
  CXX ../elements/ip/setipdscp.cc
  CXX ../elements/ip/setipecn.cc
  CXX ../elements/ip/setrandipaddress.cc
  CXX ../elements/ip/siphmapper.cc
  CXX ../elements/ip/sortediplookup.cc
  CXX ../elements/ip/storeipaddress.cc
  CXX ../elements/ip/stripipheader.cc
  CXX ../elements/ip/truncateippayload.cc
  CXX ../elements/ip/unstripipheader.cc
  CXX ../elements/simple/simpleidle.cc
  CXX ../elements/simple/simplepriosched.cc
  CXX ../elements/simple/simplepullswitch.cc
  CXX ../elements/simple/simplerrsched.cc
  CXX ../elements/standard/align.cc
  CXX ../elements/standard/annotationinfo.cc
  CXX ../elements/standard/averagecounter.cc
  CXX ../elements/standard/bandwidthmeter.cc
  CXX ../elements/standard/bandwidthshaper.cc
  CXX ../elements/standard/block.cc
  CXX ../elements/standard/burster.cc
  CXX ../elements/standard/bwratedsplitter.cc
  CXX ../elements/standard/bwratedunqueue.cc
  CXX ../elements/standard/bypass.cc
  CXX ../elements/standard/checkcrc32.cc
  CXX ../elements/standard/checklength.cc
  CXX ../elements/standard/checkpaint.cc
  CXX ../elements/standard/classification.cc
  CXX ../elements/standard/classifier.cc
  CXX ../elements/standard/clickyinfo.cc
  CXX ../elements/standard/clipboard.cc
  CXX ../elements/standard/compblock.cc
  CXX ../elements/standard/counter.cc
  CXX ../elements/standard/cpuqueue.cc
  CXX ../elements/standard/cpuswitch.cc
  CXX ../elements/standard/delayshaper.cc
  CXX ../elements/standard/delayunqueue.cc
  CXX ../elements/standard/devirtualizeinfo.cc
  CXX ../elements/standard/discard.cc
  CXX ../elements/standard/discardnofree.cc
  CXX ../elements/standard/drivermanager.cc
  CXX ../elements/standard/dropbroadcasts.cc
  CXX ../elements/standard/drr.cc
  CXX ../elements/standard/flowinfo.cc
  CXX ../elements/standard/frontdropqueue.cc
  CXX ../elements/standard/fullnotequeue.cc
  CXX ../elements/standard/hashswitch.cc
  CXX ../elements/standard/hub.cc
  CXX ../elements/standard/idle.cc
  CXX ../elements/standard/infinitesource.cc
  CXX ../elements/standard/inputswitch.cc
  CXX ../elements/standard/join.cc
  CXX ../elements/standard/linkunqueue.cc
  CXX ../elements/standard/markmacheader.cc
  CXX ../elements/standard/messageelement.cc
  CXX ../elements/standard/meter.cc
  CXX ../elements/standard/mixedqueue.cc
  CXX ../elements/standard/msqueue.cc
  CXX ../elements/standard/notifierqueue.cc
  CXX ../elements/standard/nullelement.cc
  CXX ../elements/standard/nulls.cc
  CXX ../elements/standard/pad.cc
  CXX ../elements/standard/paint.cc
  CXX ../elements/standard/paintswitch.cc
  CXX ../elements/standard/painttee.cc
  CXX ../elements/standard/print.cc
  CXX ../elements/standard/priosched.cc
  CXX ../elements/standard/pullswitch.cc
  CXX ../elements/standard/quicknotequeue.cc
  CXX ../elements/standard/quitwatcher.cc
  CXX ../elements/standard/randomerror.cc
  CXX ../elements/standard/randomsample.cc
  CXX ../elements/standard/randomsource.cc
  CXX ../elements/standard/randomswitch.cc
  CXX ../elements/standard/ratedsource.cc
  CXX ../elements/standard/ratedsplitter.cc
  CXX ../elements/standard/ratedunqueue.cc
  CXX ../elements/standard/resize.cc
  CXX ../elements/standard/rrsched.cc
  CXX ../elements/standard/rrswitch.cc
  CXX ../elements/standard/script.cc
  CXX ../elements/standard/setannobyte.cc
  CXX ../elements/standard/setcrc32.cc
  CXX ../elements/standard/setpackettype.cc
  CXX ../elements/standard/settimestamp.cc
  CXX ../elements/standard/shaper.cc
  CXX ../elements/standard/simplequeue.cc
  CXX ../elements/standard/staticpullswitch.cc
  CXX ../elements/standard/staticswitch.cc
  CXX ../elements/standard/storedata.cc
  CXX ../elements/standard/stridesched.cc
  CXX ../elements/standard/strideswitch.cc
  CXX ../elements/standard/strip.cc
  CXX ../elements/standard/striptonet.cc
  CXX ../elements/standard/suppressor.cc
  CXX ../elements/standard/switch.cc
  CXX ../elements/standard/tee.cc
  CXX ../elements/standard/threadsafequeue.cc
  CXX ../elements/standard/timedsink.cc
  CXX ../elements/standard/timedsource.cc
  CXX ../elements/standard/timedunqueue.cc
  CXX ../elements/standard/truncate.cc
  CXX ../elements/standard/unqueue.cc
  CXX ../elements/standard/unqueue2.cc
  CXX ../elements/standard/unstrip.cc
  CXX ../elements/tcp/appthread.cc
  CXX ../elements/tcp/climbfastclassifier.cc
  CXX ../elements/tcp/climbfastipclassifier.cc
  CXX ../elements/tcp/dectcpseqno.cc
  CXX ../elements/tcp/dpdkallocator.cc
  CXX ../elements/tcp/fastclassifier.cc
  CXX ../elements/tcp/fastipclassifier.cc
  CXX ../elements/tcp/ipprintcolor.cc
  CXX ../elements/tcp/pktqueue.cc
  CXX ../elements/tcp/striptcpheader.cc
  CXX ../elements/tcp/striptcpsegment.cc
  CXX ../elements/tcp/tcpackencap.cc
  CXX ../elements/tcp/tcpacker.cc
  CXX ../elements/tcp/tcpackoptionsencap.cc
  CXX ../elements/tcp/tcpackoptionsparse.cc
  CXX ../elements/tcp/tcpackrequired.cc
  CXX ../elements/tcp/tcpapplication.cc
  CXX ../elements/tcp/tcpbuffer.cc
  CXX ../elements/tcp/tcpbulkclient.cc
  CXX ../elements/tcp/tcpbulkserver.cc
  CXX ../elements/tcp/tcpcheckseqno.cc
  CXX ../elements/tcp/tcpclient.cc
  CXX ../elements/tcp/tcpclosed.cc
  CXX ../elements/tcp/tcpcongestioncontrol.cc
  CXX ../elements/tcp/tcpdatapiggyback.cc
  CXX ../elements/tcp/tcpechoclient.cc
  CXX ../elements/tcp/tcpechoclientepollzc.cc
  CXX ../elements/tcp/tcpechoclientpoll.cc
  CXX ../elements/tcp/tcpechoserver.cc
  CXX ../elements/tcp/tcpechoserverepoll.cc
  CXX ../elements/tcp/tcpechoserverepollzc.cc
  CXX ../elements/tcp/tcpechoserverpoll.cc
  CXX ../elements/tcp/tcpencap.cc
  CXX ../elements/tcp/tcpenqueue4rtx.cc
  CXX ../elements/tcp/tcpepollserver.cc
  CXX ../elements/tcp/tcpestimatertt.cc
  CXX ../elements/tcp/tcpeventqueue.cc
  CXX ../elements/tcp/tcpfake.cc
  CXX ../elements/tcp/tcpfakeclient.cc
  CXX ../elements/tcp/tcpfakeserver.cc
  CXX ../elements/tcp/tcpfinencap.cc
  CXX ../elements/tcp/tcpfinner.cc
  CXX ../elements/tcp/tcpflagdemux.cc
  CXX ../elements/tcp/tcpflowlookup.cc
  CXX ../elements/tcp/tcpflowtable.cc
  CXX ../elements/tcp/tcpgetseqanno.cc
  CXX ../elements/tcp/tcphashallocator.cc
  CXX ../elements/tcp/tcphttpproxy.cc
  CXX ../elements/tcp/tcpinfo.cc
  CXX ../elements/tcp/tcpipencap.cc
  CXX ../elements/tcp/tcplisten.cc
  CXX ../elements/tcp/tcpnagle.cc
  CXX ../elements/tcp/tcpnewrenoack.cc
  CXX ../elements/tcp/tcpnewrenortx.cc
  CXX ../elements/tcp/tcpnewrenosyn.cc
  CXX ../elements/tcp/tcpoptionsparser.cc
  CXX ../elements/tcp/tcpoptionsunparser.cc
  CXX ../elements/tcp/tcpporttable.cc
  CXX ../elements/tcp/tcpprocessack.cc
  CXX ../elements/tcp/tcpprocessfin.cc
  CXX ../elements/tcp/tcpprocessrst.cc
  CXX ../elements/tcp/tcpprocesssyn.cc
  CXX ../elements/tcp/tcpprocesstxt.cc
  CXX ../elements/tcp/tcpratecontrol.cc
  CXX ../elements/tcp/tcpreceiveoffload.cc
  CXX ../elements/tcp/tcpreordering.cc
  CXX ../elements/tcp/tcpreplacepacket.cc
  CXX ../elements/tcp/tcpresetter.cc
  CXX ../elements/tcp/tcprstencap.cc
  CXX ../elements/tcp/tcprttestimator.cc
  CXX ../elements/tcp/tcpsack.cc
  CXX ../elements/tcp/tcpsegmentation.cc
  CXX ../elements/tcp/tcpsetmssanno.cc
  CXX ../elements/tcp/tcpsetseqanno.cc
  CXX ../elements/tcp/tcpsetsockaddanno.cc
  CXX ../elements/tcp/tcpsetsockfdanno.cc
  CXX ../elements/tcp/tcpsocket.cc
  CXX ../elements/tcp/tcpsocks4proxy.cc
  CXX ../elements/tcp/tcpsocks4proxyzc.cc
  CXX ../elements/tcp/tcpstate.cc
  CXX ../elements/tcp/tcpstatedemux.cc
  CXX ../elements/tcp/tcpstatelock.cc
  CXX ../elements/tcp/tcpstateunlock.cc
  CXX ../elements/tcp/tcpsynencap.cc
  CXX ../elements/tcp/tcpsynner.cc
  CXX ../elements/tcp/tcpsynoptionsencap.cc
  CXX ../elements/tcp/tcpsynoptionsparse.cc
  CXX ../elements/tcp/tcpsynsent.cc
  CXX ../elements/tcp/tcptahoeack.cc
  CXX ../elements/tcp/tcptahoertx.cc
  CXX ../elements/tcp/tcptahoesyn.cc
  CXX ../elements/tcp/tcptimer.cc
  CXX ../elements/tcp/tcptimers.cc
  CXX ../elements/tcp/tcptimerset.cc
  CXX ../elements/tcp/tcptrimpacket.cc
  CXX ../elements/tcp/tcpupdatetimestamp.cc
  CXX ../elements/tcp/testhashcontainer.cc
  CXX ../elements/tcp/testhashtable.cc
  CXX ../elements/tcp/testlist.cc
  CXX ../elements/tcp/testusertask.cc
  CXX ../elements/tcp/usertask.cc
  CXX ../elements/tcp/util.cc
  CXX ../elements/tcpudp/checktcpheader.cc
  CXX ../elements/tcpudp/checkudpheader.cc
  CXX ../elements/tcpudp/dynudpipencap.cc
  CXX ../elements/tcpudp/fasttcpflows.cc
  CXX ../elements/tcpudp/fastudpflows.cc
  CXX ../elements/tcpudp/iprewriter.cc
  CXX ../elements/tcpudp/settcpchecksum.cc
  CXX ../elements/tcpudp/setudpchecksum.cc
  CXX ../elements/tcpudp/tcpfragmenter.cc
  CXX ../elements/tcpudp/tcpipsend.cc
  CXX ../elements/tcpudp/tcprewriter.cc
  CXX ../elements/tcpudp/udpipencap.cc
  CXX ../elements/tcpudp/udprewriter.cc
  CXX ../elements/test/bhmtest.cc
  CXX ../elements/test/biginttest.cc
  CXX ../elements/test/bitvectortest.cc
  CXX ../elements/test/blockthread.cc
  CXX ../elements/test/checkpacket.cc
  CXX ../elements/test/clptest.cc
  CXX ../elements/test/comparepackets.cc
  CXX ../elements/test/confparsetest.cc
  CXX ../elements/test/cryptotest.cc
  CXX ../elements/test/dequetest.cc
  CXX ../elements/test/errortest.cc
  CXX ../elements/test/functiontest.cc
  CXX ../elements/test/handlertask.cc
  CXX ../elements/test/hashtabletest.cc
  CXX ../elements/test/heaptest.cc
  CXX ../elements/test/listtest.cc
  CXX ../elements/test/neighborhoodtest.cc
  CXX ../elements/test/notifierdebug.cc
  CXX ../elements/test/notifiertest.cc
  CXX ../elements/test/nulltask.cc
  CXX ../elements/test/packettest.cc
  CXX ../elements/test/queuethreadtest.cc
  CXX ../elements/test/queueyanktest.cc
  CXX ../elements/test/randomseed.cc
  CXX ../elements/test/schedordertest.cc
  CXX ../elements/test/sorttest.cc
  CXX ../elements/test/taskthreadtest.cc
  CXX ../elements/test/timertest.cc
  CXX ../elements/test/tokenbuckettest.cc
  CXX ../elements/test/upstreamnotifier.cc
  CXX ../elements/test/vectortest.cc
  CXX ../elements/threads/balancedthreadsched.cc
  CXX ../elements/threads/spinlockacquire.cc
  CXX ../elements/threads/spinlockinfo.cc
  CXX ../elements/threads/spinlockpush.cc
  CXX ../elements/threads/spinlockrelease.cc
  CXX ../elements/threads/staticthreadsched.cc
  CXX ../elements/userlevel/affinityinfo.cc
  CXX ../elements/userlevel/changeuid.cc
  CXX ../elements/userlevel/chattersocket.cc
  CXX ../elements/userlevel/controlsocket.cc
  CXX ../elements/userlevel/dpdk.cc
  CXX ../elements/userlevel/dpdkcyclecountaccum.cc
  CXX ../elements/userlevel/dpdkinfo.cc
  CXX ../elements/userlevel/dpdksetcyclecount.cc
  CXX ../elements/userlevel/ensuredpdkbuffer.cc
  CXX ../elements/userlevel/fakepcap.cc
  CXX ../elements/userlevel/fastudpsrc.cc
  CXX ../elements/userlevel/fromdevice.cc
  CXX ../elements/userlevel/fromdpdkdevice.cc
  CXX ../elements/userlevel/fromdump.cc
  CXX ../elements/userlevel/fromhost.cc
  CXX ../elements/userlevel/fromrawsocket.cc
  CXX ../elements/userlevel/fromsocket.cc
  CXX ../elements/userlevel/handlerproxy.cc
  CXX ../elements/userlevel/kernelfilter.cc
  CXX ../elements/userlevel/kerneltap.cc
  CXX ../elements/userlevel/kerneltun.cc
  CXX ../elements/userlevel/khandlerproxy.cc
  CXX ../elements/userlevel/mcastsocket.cc
  CXX ../elements/userlevel/netmapinfo.cc
  CXX ../elements/userlevel/progressbar.cc
  CXX ../elements/userlevel/rawsocket.cc
  CXX ../elements/userlevel/socket.cc
  CXX ../elements/userlevel/todevice.cc
  CXX ../elements/userlevel/todpdkdevice.cc
  CXX ../elements/userlevel/todump.cc
  CXX ../elements/userlevel/tofile.cc
  CXX ../elements/userlevel/tohost.cc
  CXX ../elements/userlevel/torawsocket.cc
  CXX ../elements/userlevel/tosocket.cc
  CXX ../elements/userlevel/umlswitch.cc
  CREATE elements.cc
  CXX click.cc
  AR libclick.a
  RANLIB libclick.a
  CXX elements.cc
  LINK click
make[1]: Leaving directory '/home/mgallo/Projects/code/click-new/userlevel'
